14:08:34 **** Incremental Build of configuration Debug for project SKadkhodayanFinal ****
make -j16 all 
arm-none-eabi-gcc "../Core/Src/main.c" -mcpu=cortex-m4 -std=gnu11 -g3 -DDEBUG -DUSE_HAL_DRIVER -DSTM32F429xx -c -I../Core/Inc -I../Drivers/STM32F4xx_HAL_Driver/Inc -I../Drivers/STM32F4xx_HAL_Driver/Inc/Legacy -I../Drivers/CMSIS/Device/ST/STM32F4xx/Include -I../Drivers/CMSIS/Include -O0 -ffunction-sections -fdata-sections -Wall -fstack-usage -fcyclomatic-complexity -MMD -MP -MF"Core/Src/main.d" -MT"Core/Src/main.o" --specs=nano.specs -mfpu=fpv4-sp-d16 -mfloat-abi=hard -mthumb -o "Core/Src/main.o"
../Core/Src/main.c: In function 'main':
../Core/Src/main.c:102:12: warning: variable 'AD_RES' set but not used [-Wunused-but-set-variable]
  102 |   uint32_t AD_RES = 0;
      |            ^~~~~~
arm-none-eabi-gcc -o "SKadkhodayanFinal.elf" @"objects.list"   -mcpu=cortex-m4 -T"C:\Users\seank\OneDrive - UCB-O365\ECEN2370\ECEN2370FinalProject\SKadkhodayanFinal\STM32F429ZITX_FLASH.ld" --specs=nosys.specs -Wl,-Map="SKadkhodayanFinal.map" -Wl,--gc-sections -static --specs=nano.specs -mfpu=fpv4-sp-d16 -mfloat-abi=hard -mthumb -Wl,--start-group -lc -lm -Wl,--end-group
Finished building target: SKadkhodayanFinal.elf
 
arm-none-eabi-size  SKadkhodayanFinal.elf 
arm-none-eabi-objdump -h -S SKadkhodayanFinal.elf  > "SKadkhodayanFinal.list"
   text	   data	    bss	    dec	    hex	filename
  13300	     12	   1716	  15028	   3ab4	SKadkhodayanFinal.elf
Finished building: default.size.stdout
 
Finished building: SKadkhodayanFinal.list
 
14:08:56 **** Incremental Build of configuration Debug for project SKadkhodayanFinal ****
make -j16 all 
arm-none-eabi-size  SKadkhodayanFinal.elf 
   text	   data	    bss	    dec	    hex	filename
  13300	     12	   1716	  15028	   3ab4	SKadkhodayanFinal.elf
Finished building: default.size.stdout
 
14:11:07 **** Incremental Build of configuration Debug for project SKadkhodayanFinal ****
make -j16 all 
arm-none-eabi-size  SKadkhodayanFinal.elf 
   text	   data	    bss	    dec	    hex	filename
  13300	     12	   1716	  15028	   3ab4	SKadkhodayanFinal.elf
Finished building: default.size.stdout
 
17:19:27 **** Incremental Build of configuration Debug for project SKadkhodayanFinal ****
make -j16 all 
arm-none-eabi-gcc "../Core/Src/ApplicationCode.c" -mcpu=cortex-m4 -std=gnu11 -g3 -DDEBUG -DUSE_HAL_DRIVER -DSTM32F429xx -c -I../Core/Inc -I../Drivers/STM32F4xx_HAL_Driver/Inc -I../Drivers/STM32F4xx_HAL_Driver/Inc/Legacy -I../Drivers/CMSIS/Device/ST/STM32F4xx/Include -I../Drivers/CMSIS/Include -O0 -ffunction-sections -fdata-sections -Wall -fstack-usage -fcyclomatic-complexity -MMD -MP -MF"Core/Src/ApplicationCode.d" -MT"Core/Src/ApplicationCode.o" --specs=nano.specs -mfpu=fpv4-sp-d16 -mfloat-abi=hard -mthumb -o "Core/Src/ApplicationCode.o"
arm-none-eabi-gcc "../Core/Src/joystickDriver.c" -mcpu=cortex-m4 -std=gnu11 -g3 -DDEBUG -DUSE_HAL_DRIVER -DSTM32F429xx -c -I../Core/Inc -I../Drivers/STM32F4xx_HAL_Driver/Inc -I../Drivers/STM32F4xx_HAL_Driver/Inc/Legacy -I../Drivers/CMSIS/Device/ST/STM32F4xx/Include -I../Drivers/CMSIS/Include -O0 -ffunction-sections -fdata-sections -Wall -fstack-usage -fcyclomatic-complexity -MMD -MP -MF"Core/Src/joystickDriver.d" -MT"Core/Src/joystickDriver.o" --specs=nano.specs -mfpu=fpv4-sp-d16 -mfloat-abi=hard -mthumb -o "Core/Src/joystickDriver.o"
arm-none-eabi-gcc "../Core/Src/main.c" -mcpu=cortex-m4 -std=gnu11 -g3 -DDEBUG -DUSE_HAL_DRIVER -DSTM32F429xx -c -I../Core/Inc -I../Drivers/STM32F4xx_HAL_Driver/Inc -I../Drivers/STM32F4xx_HAL_Driver/Inc/Legacy -I../Drivers/CMSIS/Device/ST/STM32F4xx/Include -I../Drivers/CMSIS/Include -O0 -ffunction-sections -fdata-sections -Wall -fstack-usage -fcyclomatic-complexity -MMD -MP -MF"Core/Src/main.d" -MT"Core/Src/main.o" --specs=nano.specs -mfpu=fpv4-sp-d16 -mfloat-abi=hard -mthumb -o "Core/Src/main.o"
arm-none-eabi-gcc "../Core/Src/motorDriver.c" -mcpu=cortex-m4 -std=gnu11 -g3 -DDEBUG -DUSE_HAL_DRIVER -DSTM32F429xx -c -I../Core/Inc -I../Drivers/STM32F4xx_HAL_Driver/Inc -I../Drivers/STM32F4xx_HAL_Driver/Inc/Legacy -I../Drivers/CMSIS/Device/ST/STM32F4xx/Include -I../Drivers/CMSIS/Include -O0 -ffunction-sections -fdata-sections -Wall -fstack-usage -fcyclomatic-complexity -MMD -MP -MF"Core/Src/motorDriver.d" -MT"Core/Src/motorDriver.o" --specs=nano.specs -mfpu=fpv4-sp-d16 -mfloat-abi=hard -mthumb -o "Core/Src/motorDriver.o"
arm-none-eabi-gcc "../Core/Src/stm32f4xx_hal_msp.c" -mcpu=cortex-m4 -std=gnu11 -g3 -DDEBUG -DUSE_HAL_DRIVER -DSTM32F429xx -c -I../Core/Inc -I../Drivers/STM32F4xx_HAL_Driver/Inc -I../Drivers/STM32F4xx_HAL_Driver/Inc/Legacy -I../Drivers/CMSIS/Device/ST/STM32F4xx/Include -I../Drivers/CMSIS/Include -O0 -ffunction-sections -fdata-sections -Wall -fstack-usage -fcyclomatic-complexity -MMD -MP -MF"Core/Src/stm32f4xx_hal_msp.d" -MT"Core/Src/stm32f4xx_hal_msp.o" --specs=nano.specs -mfpu=fpv4-sp-d16 -mfloat-abi=hard -mthumb -o "Core/Src/stm32f4xx_hal_msp.o"
In file included from ../Core/Inc/ApplicationCode.h:11,
                 from ../Core/Src/ApplicationCode.c:8:
../Core/Inc/motorDriver.h:18:1: warning: useless storage class specifier in empty declaration
   18 | };
      | ^
In file included from ../Core/Src/motorDriver.c:8:
../Core/Inc/motorDriver.h:18:1: warning: useless storage class specifier in empty declaration
   18 | };
      | ^
In file included from ../Core/Src/joystickDriver.c:8:
../Core/Inc/joystickDriver.h:16:1: warning: useless storage class specifier in empty declaration
   16 | };
      | ^
../Core/Inc/motorDriver.h:25:27: error: unknown type name 'joyPosTypeDef'; did you mean 'SPI_TypeDef'?
   25 | void motor_CalculatePower(joyPosTypeDef joyPos);
      |                           ^~~~~~~~~~~~~
      |                           SPI_TypeDef
../Core/Inc/motorDriver.h:25:27: error: unknown type name 'joyPosTypeDef'; did you mean 'SPI_TypeDef'?
   25 | void motor_CalculatePower(joyPosTypeDef joyPos);
      |                           ^~~~~~~~~~~~~
      |                           SPI_TypeDef
In file included from ../Core/Inc/ApplicationCode.h:12:
../Core/Inc/joystickDriver.h:16:1: warning: useless storage class specifier in empty declaration
   16 | };
      | ^
../Core/Inc/joystickDriver.h:18:25: error: unknown type name 'joyPosTypeDef'; did you mean 'SPI_TypeDef'?
   18 | void joystick_getCoords(joyPosTypeDef joyPos);
      |                         ^~~~~~~~~~~~~
      |                         SPI_TypeDef
../Core/Src/main.c: In function 'main':
../Core/Src/main.c:107:3: warning: implicit declaration of function 'ApplicationInit' [-Wimplicit-function-declaration]
  107 |   ApplicationInit();
      |   ^~~~~~~~~~~~~~~
../Core/Src/main.c:104:12: warning: variable 'ADC_2' set but not used [-Wunused-but-set-variable]
  104 |   uint32_t ADC_2 = 0;
      |            ^~~~~
../Core/Src/main.c:103:12: warning: variable 'ADC_1' set but not used [-Wunused-but-set-variable]
  103 |   uint32_t ADC_1 = 0;
      |            ^~~~~
../Core/Inc/joystickDriver.h:18:25: error: unknown type name 'joyPosTypeDef'; did you mean 'SPI_TypeDef'?
   18 | void joystick_getCoords(joyPosTypeDef joyPos);
      |                         ^~~~~~~~~~~~~
      |                         SPI_TypeDef
../Core/Src/joystickDriver.c:12:25: error: unknown type name 'joyPosTypeDef'; did you mean 'SPI_TypeDef'?
   12 | void joystick_getCoords(joyPosTypeDef joyPos) {
      |                         ^~~~~~~~~~~~~
      |                         SPI_TypeDef
../Core/Src/motorDriver.c:13:57: error: unknown type name 'motorPowTypeDef'
   13 | void motor_CalculatePower(uint16_t xPos, uint16_t yPos, motorPowTypeDef motorPow) {
      |                                                         ^~~~~~~~~~~~~~~
make: *** [Core/Src/subdir.mk:46: Core/Src/motorDriver.o] Error 1
make: *** Waiting for unfinished jobs....
make: *** [Core/Src/subdir.mk:46: Core/Src/joystickDriver.o] Error 1
../Core/Inc/ApplicationCode.h:20:13: error: unknown type name 'joyPosTypeDef'; did you mean 'SPI_TypeDef'?
   20 | void getJoy(joyPosTypeDef joyPos);
      |             ^~~~~~~~~~~~~
      |             SPI_TypeDef
../Core/Src/ApplicationCode.c: In function 'ApplicationInit':
../Core/Src/ApplicationCode.c:11:28: error: 'htim3' undeclared (first use in this function)
   11 |         HAL_TIM_PWM_Start(&htim3, TIM_CHANNEL_1);               // Left
      |                            ^~~~~
../Core/Src/ApplicationCode.c:11:28: note: each undeclared identifier is reported only once for each function it appears in
../Core/Src/ApplicationCode.c:16:24: error: 'hadc1' undeclared (first use in this function)
   16 |         HAL_ADC_Start(&hadc1);
      |                        ^~~~~
../Core/Src/ApplicationCode.c:14:18: warning: unused variable 'AD_RES' [-Wunused-variable]
   14 |         uint32_t AD_RES = 0;
      |                  ^~~~~~
../Core/Src/ApplicationCode.c: At top level:
../Core/Src/ApplicationCode.c:29:13: error: unknown type name 'joyPosTypeDef'; did you mean 'SPI_TypeDef'?
   29 | void getJoy(joyPosTypeDef joyPos) {
      |             ^~~~~~~~~~~~~
      |             SPI_TypeDef
make: *** [Core/Src/subdir.mk:46: Core/Src/ApplicationCode.o] Error 1
"make -j16 all" terminated with exit code 2. Build might be incomplete.
17:21:21 **** Incremental Build of configuration Debug for project SKadkhodayanFinal ****
make -j16 all 
arm-none-eabi-gcc "../Core/Src/ApplicationCode.c" -mcpu=cortex-m4 -std=gnu11 -g3 -DDEBUG -DUSE_HAL_DRIVER -DSTM32F429xx -c -I../Core/Inc -I../Drivers/STM32F4xx_HAL_Driver/Inc -I../Drivers/STM32F4xx_HAL_Driver/Inc/Legacy -I../Drivers/CMSIS/Device/ST/STM32F4xx/Include -I../Drivers/CMSIS/Include -O0 -ffunction-sections -fdata-sections -Wall -fstack-usage -fcyclomatic-complexity -MMD -MP -MF"Core/Src/ApplicationCode.d" -MT"Core/Src/ApplicationCode.o" --specs=nano.specs -mfpu=fpv4-sp-d16 -mfloat-abi=hard -mthumb -o "Core/Src/ApplicationCode.o"
arm-none-eabi-gcc "../Core/Src/joystickDriver.c" -mcpu=cortex-m4 -std=gnu11 -g3 -DDEBUG -DUSE_HAL_DRIVER -DSTM32F429xx -c -I../Core/Inc -I../Drivers/STM32F4xx_HAL_Driver/Inc -I../Drivers/STM32F4xx_HAL_Driver/Inc/Legacy -I../Drivers/CMSIS/Device/ST/STM32F4xx/Include -I../Drivers/CMSIS/Include -O0 -ffunction-sections -fdata-sections -Wall -fstack-usage -fcyclomatic-complexity -MMD -MP -MF"Core/Src/joystickDriver.d" -MT"Core/Src/joystickDriver.o" --specs=nano.specs -mfpu=fpv4-sp-d16 -mfloat-abi=hard -mthumb -o "Core/Src/joystickDriver.o"
arm-none-eabi-gcc "../Core/Src/main.c" -mcpu=cortex-m4 -std=gnu11 -g3 -DDEBUG -DUSE_HAL_DRIVER -DSTM32F429xx -c -I../Core/Inc -I../Drivers/STM32F4xx_HAL_Driver/Inc -I../Drivers/STM32F4xx_HAL_Driver/Inc/Legacy -I../Drivers/CMSIS/Device/ST/STM32F4xx/Include -I../Drivers/CMSIS/Include -O0 -ffunction-sections -fdata-sections -Wall -fstack-usage -fcyclomatic-complexity -MMD -MP -MF"Core/Src/main.d" -MT"Core/Src/main.o" --specs=nano.specs -mfpu=fpv4-sp-d16 -mfloat-abi=hard -mthumb -o "Core/Src/main.o"
arm-none-eabi-gcc "../Core/Src/motorDriver.c" -mcpu=cortex-m4 -std=gnu11 -g3 -DDEBUG -DUSE_HAL_DRIVER -DSTM32F429xx -c -I../Core/Inc -I../Drivers/STM32F4xx_HAL_Driver/Inc -I../Drivers/STM32F4xx_HAL_Driver/Inc/Legacy -I../Drivers/CMSIS/Device/ST/STM32F4xx/Include -I../Drivers/CMSIS/Include -O0 -ffunction-sections -fdata-sections -Wall -fstack-usage -fcyclomatic-complexity -MMD -MP -MF"Core/Src/motorDriver.d" -MT"Core/Src/motorDriver.o" --specs=nano.specs -mfpu=fpv4-sp-d16 -mfloat-abi=hard -mthumb -o "Core/Src/motorDriver.o"
In file included from ../Core/Inc/ApplicationCode.h:11,
                 from ../Core/Src/ApplicationCode.c:8:
../Core/Inc/motorDriver.h:18:1: warning: useless storage class specifier in empty declaration
   18 | };
      | ^
In file included from ../Core/Src/joystickDriver.c:8:
../Core/Inc/joystickDriver.h:16:1: warning: useless storage class specifier in empty declaration
   16 | };
      | ^
../Core/Src/main.c: In function 'main':
../Core/Src/main.c:104:12: warning: variable 'ADC_2' set but not used [-Wunused-but-set-variable]
  104 |   uint32_t ADC_2 = 0;
      |            ^~~~~
../Core/Src/main.c:103:12: warning: variable 'ADC_1' set but not used [-Wunused-but-set-variable]
  103 |   uint32_t ADC_1 = 0;
      |            ^~~~~
In file included from ../Core/Src/motorDriver.c:8:
../Core/Inc/motorDriver.h:18:1: warning: useless storage class specifier in empty declaration
   18 | };
      | ^
../Core/Inc/motorDriver.h:25:27: error: unknown type name 'joyPosTypeDef'; did you mean 'SPI_TypeDef'?
   25 | void motor_CalculatePower(joyPosTypeDef joyPos);
      |                           ^~~~~~~~~~~~~
      |                           SPI_TypeDef
In file included from ../Core/Inc/ApplicationCode.h:12:
../Core/Inc/joystickDriver.h:16:1: warning: useless storage class specifier in empty declaration
   16 | };
      | ^
../Core/Inc/joystickDriver.h:18:25: error: unknown type name 'joyPosTypeDef'; did you mean 'SPI_TypeDef'?
   18 | void joystick_getCoords(joyPosTypeDef joyPos);
      |                         ^~~~~~~~~~~~~
      |                         SPI_TypeDef
../Core/Inc/motorDriver.h:25:27: error: unknown type name 'joyPosTypeDef'; did you mean 'SPI_TypeDef'?
   25 | void motor_CalculatePower(joyPosTypeDef joyPos);
      |                           ^~~~~~~~~~~~~
      |                           SPI_TypeDef
../Core/Inc/joystickDriver.h:18:25: error: unknown type name 'joyPosTypeDef'; did you mean 'SPI_TypeDef'?
   18 | void joystick_getCoords(joyPosTypeDef joyPos);
      |                         ^~~~~~~~~~~~~
      |                         SPI_TypeDef
../Core/Src/joystickDriver.c:12:25: error: unknown type name 'joyPosTypeDef'; did you mean 'SPI_TypeDef'?
   12 | void joystick_getCoords(joyPosTypeDef joyPos) {
      |                         ^~~~~~~~~~~~~
      |                         SPI_TypeDef
make: *** [Core/Src/subdir.mk:46: Core/Src/joystickDriver.o] Error 1
make: *** Waiting for unfinished jobs....
../Core/Inc/ApplicationCode.h:18:13: error: unknown type name 'joyPosTypeDef'; did you mean 'SPI_TypeDef'?
   18 | void getJoy(joyPosTypeDef joyPos);
      |             ^~~~~~~~~~~~~
      |             SPI_TypeDef
../Core/Src/motorDriver.c:13:57: error: unknown type name 'motorPowTypeDef'
   13 | void motor_CalculatePower(uint16_t xPos, uint16_t yPos, motorPowTypeDef motorPow) {
      |                                                         ^~~~~~~~~~~~~~~
make: *** [Core/Src/subdir.mk:46: Core/Src/motorDriver.o] Error 1
../Core/Src/ApplicationCode.c:20:13: error: unknown type name 'joyPosTypeDef'; did you mean 'SPI_TypeDef'?
   20 | void getJoy(joyPosTypeDef joyPos) {
      |             ^~~~~~~~~~~~~
      |             SPI_TypeDef
make: *** [Core/Src/subdir.mk:46: Core/Src/ApplicationCode.o] Error 1
"make -j16 all" terminated with exit code 2. Build might be incomplete.
17:22:57 **** Incremental Build of configuration Debug for project SKadkhodayanFinal ****
make -j16 all 
arm-none-eabi-gcc "../Core/Src/ApplicationCode.c" -mcpu=cortex-m4 -std=gnu11 -g3 -DDEBUG -DUSE_HAL_DRIVER -DSTM32F429xx -c -I../Core/Inc -I../Drivers/STM32F4xx_HAL_Driver/Inc -I../Drivers/STM32F4xx_HAL_Driver/Inc/Legacy -I../Drivers/CMSIS/Device/ST/STM32F4xx/Include -I../Drivers/CMSIS/Include -O0 -ffunction-sections -fdata-sections -Wall -fstack-usage -fcyclomatic-complexity -MMD -MP -MF"Core/Src/ApplicationCode.d" -MT"Core/Src/ApplicationCode.o" --specs=nano.specs -mfpu=fpv4-sp-d16 -mfloat-abi=hard -mthumb -o "Core/Src/ApplicationCode.o"
arm-none-eabi-gcc "../Core/Src/joystickDriver.c" -mcpu=cortex-m4 -std=gnu11 -g3 -DDEBUG -DUSE_HAL_DRIVER -DSTM32F429xx -c -I../Core/Inc -I../Drivers/STM32F4xx_HAL_Driver/Inc -I../Drivers/STM32F4xx_HAL_Driver/Inc/Legacy -I../Drivers/CMSIS/Device/ST/STM32F4xx/Include -I../Drivers/CMSIS/Include -O0 -ffunction-sections -fdata-sections -Wall -fstack-usage -fcyclomatic-complexity -MMD -MP -MF"Core/Src/joystickDriver.d" -MT"Core/Src/joystickDriver.o" --specs=nano.specs -mfpu=fpv4-sp-d16 -mfloat-abi=hard -mthumb -o "Core/Src/joystickDriver.o"
arm-none-eabi-gcc "../Core/Src/motorDriver.c" -mcpu=cortex-m4 -std=gnu11 -g3 -DDEBUG -DUSE_HAL_DRIVER -DSTM32F429xx -c -I../Core/Inc -I../Drivers/STM32F4xx_HAL_Driver/Inc -I../Drivers/STM32F4xx_HAL_Driver/Inc/Legacy -I../Drivers/CMSIS/Device/ST/STM32F4xx/Include -I../Drivers/CMSIS/Include -O0 -ffunction-sections -fdata-sections -Wall -fstack-usage -fcyclomatic-complexity -MMD -MP -MF"Core/Src/motorDriver.d" -MT"Core/Src/motorDriver.o" --specs=nano.specs -mfpu=fpv4-sp-d16 -mfloat-abi=hard -mthumb -o "Core/Src/motorDriver.o"
../Core/Src/joystickDriver.c: In function 'joystick_getCoords':
../Core/Src/joystickDriver.c:14:38: error: 'hadc1' undeclared (first use in this function)
   14 |           HAL_ADC_PollForConversion(&hadc1, 1);         // PA5
      |                                      ^~~~~
../Core/Src/joystickDriver.c:14:38: note: each undeclared identifier is reported only once for each function it appears in
../Core/Src/joystickDriver.c:18:38: error: 'hadc2' undeclared (first use in this function)
   18 |           HAL_ADC_PollForConversion(&hadc2, 1);         // PC3
      |                                      ^~~~~
make: *** [Core/Src/subdir.mk:46: Core/Src/joystickDriver.o] Error 1
make: *** Waiting for unfinished jobs....
In file included from ../Core/Inc/ApplicationCode.h:11,
                 from ../Core/Src/ApplicationCode.c:8:
../Core/Inc/motorDriver.h:25:27: error: unknown type name 'joyPosTypeDef'; did you mean 'motorPowTypeDef'?
   25 | void motor_CalculatePower(joyPosTypeDef joyPos);
      |                           ^~~~~~~~~~~~~
      |                           motorPowTypeDef
In file included from ../Core/Src/motorDriver.c:8:
../Core/Inc/motorDriver.h:25:27: error: unknown type name 'joyPosTypeDef'; did you mean 'motorPowTypeDef'?
   25 | void motor_CalculatePower(joyPosTypeDef joyPos);
      |                           ^~~~~~~~~~~~~
      |                           motorPowTypeDef
make: *** [Core/Src/subdir.mk:46: Core/Src/ApplicationCode.o] Error 1
make: *** [Core/Src/subdir.mk:46: Core/Src/motorDriver.o] Error 1
"make -j16 all" terminated with exit code 2. Build might be incomplete.
17:24:07 **** Incremental Build of configuration Debug for project SKadkhodayanFinal ****
make -j16 all 
arm-none-eabi-gcc "../Core/Src/ApplicationCode.c" -mcpu=cortex-m4 -std=gnu11 -g3 -DDEBUG -DUSE_HAL_DRIVER -DSTM32F429xx -c -I../Core/Inc -I../Drivers/STM32F4xx_HAL_Driver/Inc -I../Drivers/STM32F4xx_HAL_Driver/Inc/Legacy -I../Drivers/CMSIS/Device/ST/STM32F4xx/Include -I../Drivers/CMSIS/Include -O0 -ffunction-sections -fdata-sections -Wall -fstack-usage -fcyclomatic-complexity -MMD -MP -MF"Core/Src/ApplicationCode.d" -MT"Core/Src/ApplicationCode.o" --specs=nano.specs -mfpu=fpv4-sp-d16 -mfloat-abi=hard -mthumb -o "Core/Src/ApplicationCode.o"
arm-none-eabi-gcc "../Core/Src/joystickDriver.c" -mcpu=cortex-m4 -std=gnu11 -g3 -DDEBUG -DUSE_HAL_DRIVER -DSTM32F429xx -c -I../Core/Inc -I../Drivers/STM32F4xx_HAL_Driver/Inc -I../Drivers/STM32F4xx_HAL_Driver/Inc/Legacy -I../Drivers/CMSIS/Device/ST/STM32F4xx/Include -I../Drivers/CMSIS/Include -O0 -ffunction-sections -fdata-sections -Wall -fstack-usage -fcyclomatic-complexity -MMD -MP -MF"Core/Src/joystickDriver.d" -MT"Core/Src/joystickDriver.o" --specs=nano.specs -mfpu=fpv4-sp-d16 -mfloat-abi=hard -mthumb -o "Core/Src/joystickDriver.o"
arm-none-eabi-gcc "../Core/Src/motorDriver.c" -mcpu=cortex-m4 -std=gnu11 -g3 -DDEBUG -DUSE_HAL_DRIVER -DSTM32F429xx -c -I../Core/Inc -I../Drivers/STM32F4xx_HAL_Driver/Inc -I../Drivers/STM32F4xx_HAL_Driver/Inc/Legacy -I../Drivers/CMSIS/Device/ST/STM32F4xx/Include -I../Drivers/CMSIS/Include -O0 -ffunction-sections -fdata-sections -Wall -fstack-usage -fcyclomatic-complexity -MMD -MP -MF"Core/Src/motorDriver.d" -MT"Core/Src/motorDriver.o" --specs=nano.specs -mfpu=fpv4-sp-d16 -mfloat-abi=hard -mthumb -o "Core/Src/motorDriver.o"
../Core/Src/joystickDriver.c: In function 'joystick_getCoords':
../Core/Src/joystickDriver.c:14:38: error: 'hadc1' undeclared (first use in this function)
   14 |           HAL_ADC_PollForConversion(&hadc1, 1);         // PA5
      |                                      ^~~~~
../Core/Src/joystickDriver.c:14:38: note: each undeclared identifier is reported only once for each function it appears in
../Core/Src/joystickDriver.c:18:38: error: 'hadc2' undeclared (first use in this function)
   18 |           HAL_ADC_PollForConversion(&hadc2, 1);         // PC3
      |                                      ^~~~~
make: *** [Core/Src/subdir.mk:46: Core/Src/joystickDriver.o] Error 1
make: *** Waiting for unfinished jobs....
"make -j16 all" terminated with exit code 2. Build might be incomplete.
17:25:49 **** Incremental Build of configuration Debug for project SKadkhodayanFinal ****
make -j16 all 
arm-none-eabi-gcc "../Core/Src/joystickDriver.c" -mcpu=cortex-m4 -std=gnu11 -g3 -DDEBUG -DUSE_HAL_DRIVER -DSTM32F429xx -c -I../Core/Inc -I../Drivers/STM32F4xx_HAL_Driver/Inc -I../Drivers/STM32F4xx_HAL_Driver/Inc/Legacy -I../Drivers/CMSIS/Device/ST/STM32F4xx/Include -I../Drivers/CMSIS/Include -O0 -ffunction-sections -fdata-sections -Wall -fstack-usage -fcyclomatic-complexity -MMD -MP -MF"Core/Src/joystickDriver.d" -MT"Core/Src/joystickDriver.o" --specs=nano.specs -mfpu=fpv4-sp-d16 -mfloat-abi=hard -mthumb -o "Core/Src/joystickDriver.o"
../Core/Src/joystickDriver.c:9:10: error: empty filename in #include
    9 | #include ""
      |          ^~
../Core/Src/joystickDriver.c:12:6: error: conflicting types for 'joystick_getCoords'; have 'void(joyPosTypeDef,  ADC_HandleTypeDef,  ADC_HandleTypeDef)'
   12 | void joystick_getCoords(joyPosTypeDef joyPos, ADC_HandleTypeDef hadc1, ADC_HandleTypeDef hadc2) {
      |      ^~~~~~~~~~~~~~~~~~
In file included from ../Core/Src/joystickDriver.c:8:
../Core/Inc/joystickDriver.h:18:6: note: previous declaration of 'joystick_getCoords' with type 'void(joyPosTypeDef)'
   18 | void joystick_getCoords(joyPosTypeDef joyPos);
      |      ^~~~~~~~~~~~~~~~~~
make: *** [Core/Src/subdir.mk:46: Core/Src/joystickDriver.o] Error 1
"make -j16 all" terminated with exit code 2. Build might be incomplete.
17:26:13 **** Incremental Build of configuration Debug for project SKadkhodayanFinal ****
make -j16 all 
arm-none-eabi-gcc "../Core/Src/ApplicationCode.c" -mcpu=cortex-m4 -std=gnu11 -g3 -DDEBUG -DUSE_HAL_DRIVER -DSTM32F429xx -c -I../Core/Inc -I../Drivers/STM32F4xx_HAL_Driver/Inc -I../Drivers/STM32F4xx_HAL_Driver/Inc/Legacy -I../Drivers/CMSIS/Device/ST/STM32F4xx/Include -I../Drivers/CMSIS/Include -O0 -ffunction-sections -fdata-sections -Wall -fstack-usage -fcyclomatic-complexity -MMD -MP -MF"Core/Src/ApplicationCode.d" -MT"Core/Src/ApplicationCode.o" --specs=nano.specs -mfpu=fpv4-sp-d16 -mfloat-abi=hard -mthumb -o "Core/Src/ApplicationCode.o"
arm-none-eabi-gcc "../Core/Src/joystickDriver.c" -mcpu=cortex-m4 -std=gnu11 -g3 -DDEBUG -DUSE_HAL_DRIVER -DSTM32F429xx -c -I../Core/Inc -I../Drivers/STM32F4xx_HAL_Driver/Inc -I../Drivers/STM32F4xx_HAL_Driver/Inc/Legacy -I../Drivers/CMSIS/Device/ST/STM32F4xx/Include -I../Drivers/CMSIS/Include -O0 -ffunction-sections -fdata-sections -Wall -fstack-usage -fcyclomatic-complexity -MMD -MP -MF"Core/Src/joystickDriver.d" -MT"Core/Src/joystickDriver.o" --specs=nano.specs -mfpu=fpv4-sp-d16 -mfloat-abi=hard -mthumb -o "Core/Src/joystickDriver.o"
../Core/Src/ApplicationCode.c: In function 'getJoy':
../Core/Src/ApplicationCode.c:22:9: error: too few arguments to function 'joystick_getCoords'
   22 |         joystick_getCoords(joyPos);
      |         ^~~~~~~~~~~~~~~~~~
In file included from ../Core/Inc/ApplicationCode.h:12,
                 from ../Core/Src/ApplicationCode.c:8:
../Core/Inc/joystickDriver.h:18:6: note: declared here
   18 | void joystick_getCoords(joyPosTypeDef joyPos, ADC_HandleTypeDef hadc1, ADC_HandleTypeDef hadc2);
      |      ^~~~~~~~~~~~~~~~~~
make: *** [Core/Src/subdir.mk:46: Core/Src/ApplicationCode.o] Error 1
make: *** Waiting for unfinished jobs....
"make -j16 all" terminated with exit code 2. Build might be incomplete.
17:27:02 **** Incremental Build of configuration Debug for project SKadkhodayanFinal ****
make -j16 all 
arm-none-eabi-gcc "../Core/Src/ApplicationCode.c" -mcpu=cortex-m4 -std=gnu11 -g3 -DDEBUG -DUSE_HAL_DRIVER -DSTM32F429xx -c -I../Core/Inc -I../Drivers/STM32F4xx_HAL_Driver/Inc -I../Drivers/STM32F4xx_HAL_Driver/Inc/Legacy -I../Drivers/CMSIS/Device/ST/STM32F4xx/Include -I../Drivers/CMSIS/Include -O0 -ffunction-sections -fdata-sections -Wall -fstack-usage -fcyclomatic-complexity -MMD -MP -MF"Core/Src/ApplicationCode.d" -MT"Core/Src/ApplicationCode.o" --specs=nano.specs -mfpu=fpv4-sp-d16 -mfloat-abi=hard -mthumb -o "Core/Src/ApplicationCode.o"
../Core/Src/ApplicationCode.c: In function 'getJoy':
../Core/Src/ApplicationCode.c:22:28: error: expected expression before 'joyPosTypeDef'
   22 |         joystick_getCoords(joyPosTypeDef joyPos, ADC_HandleTypeDef hadc1, ADC_HandleTypeDef hadc2);
      |                            ^~~~~~~~~~~~~
../Core/Src/ApplicationCode.c:22:9: error: too few arguments to function 'joystick_getCoords'
   22 |         joystick_getCoords(joyPosTypeDef joyPos, ADC_HandleTypeDef hadc1, ADC_HandleTypeDef hadc2);
      |         ^~~~~~~~~~~~~~~~~~
In file included from ../Core/Inc/ApplicationCode.h:12,
                 from ../Core/Src/ApplicationCode.c:8:
../Core/Inc/joystickDriver.h:18:6: note: declared here
   18 | void joystick_getCoords(joyPosTypeDef joyPos, ADC_HandleTypeDef hadc1, ADC_HandleTypeDef hadc2);
      |      ^~~~~~~~~~~~~~~~~~
make: *** [Core/Src/subdir.mk:46: Core/Src/ApplicationCode.o] Error 1
"make -j16 all" terminated with exit code 2. Build might be incomplete.
17:27:18 **** Incremental Build of configuration Debug for project SKadkhodayanFinal ****
make -j16 all 
arm-none-eabi-gcc "../Core/Src/ApplicationCode.c" -mcpu=cortex-m4 -std=gnu11 -g3 -DDEBUG -DUSE_HAL_DRIVER -DSTM32F429xx -c -I../Core/Inc -I../Drivers/STM32F4xx_HAL_Driver/Inc -I../Drivers/STM32F4xx_HAL_Driver/Inc/Legacy -I../Drivers/CMSIS/Device/ST/STM32F4xx/Include -I../Drivers/CMSIS/Include -O0 -ffunction-sections -fdata-sections -Wall -fstack-usage -fcyclomatic-complexity -MMD -MP -MF"Core/Src/ApplicationCode.d" -MT"Core/Src/ApplicationCode.o" --specs=nano.specs -mfpu=fpv4-sp-d16 -mfloat-abi=hard -mthumb -o "Core/Src/ApplicationCode.o"
arm-none-eabi-gcc -o "SKadkhodayanFinal.elf" @"objects.list"   -mcpu=cortex-m4 -T"C:\Users\seank\OneDrive - UCB-O365\ECEN2370\ECEN2370FinalProject\SKadkhodayanFinal\STM32F429ZITX_FLASH.ld" --specs=nosys.specs -Wl,-Map="SKadkhodayanFinal.map" -Wl,--gc-sections -static --specs=nano.specs -mfpu=fpv4-sp-d16 -mfloat-abi=hard -mthumb -Wl,--start-group -lc -lm -Wl,--end-group
C:/ST/STM32CubeIDE_1.16.0/STM32CubeIDE/plugins/com.st.stm32cube.ide.mcu.externaltools.gnu-tools-for-stm32.12.3.rel1.win32_1.0.200.202406191623/tools/bin/../lib/gcc/arm-none-eabi/12.3.1/../../../../arm-none-eabi/bin/ld.exe: ./Core/Src/motorDriver.o: in function `map':
C:/Users/seank/OneDrive - UCB-O365/ECEN2370/ECEN2370FinalProject/SKadkhodayanFinal/Debug/../Core/Inc/motorDriver.h:20: multiple definition of `map'; ./Core/Src/ApplicationCode.o:C:/Users/seank/OneDrive - UCB-O365/ECEN2370/ECEN2370FinalProject/SKadkhodayanFinal/Debug/../Core/Inc/motorDriver.h:20: first defined here
collect2.exe: error: ld returned 1 exit status
make: *** [makefile:64: SKadkhodayanFinal.elf] Error 1
"make -j16 all" terminated with exit code 2. Build might be incomplete.
17:27:54 **** Incremental Build of configuration Debug for project SKadkhodayanFinal ****
make -j16 all 
arm-none-eabi-gcc "../Core/Src/ApplicationCode.c" -mcpu=cortex-m4 -std=gnu11 -g3 -DDEBUG -DUSE_HAL_DRIVER -DSTM32F429xx -c -I../Core/Inc -I../Drivers/STM32F4xx_HAL_Driver/Inc -I../Drivers/STM32F4xx_HAL_Driver/Inc/Legacy -I../Drivers/CMSIS/Device/ST/STM32F4xx/Include -I../Drivers/CMSIS/Include -O0 -ffunction-sections -fdata-sections -Wall -fstack-usage -fcyclomatic-complexity -MMD -MP -MF"Core/Src/ApplicationCode.d" -MT"Core/Src/ApplicationCode.o" --specs=nano.specs -mfpu=fpv4-sp-d16 -mfloat-abi=hard -mthumb -o "Core/Src/ApplicationCode.o"
arm-none-eabi-gcc "../Core/Src/motorDriver.c" -mcpu=cortex-m4 -std=gnu11 -g3 -DDEBUG -DUSE_HAL_DRIVER -DSTM32F429xx -c -I../Core/Inc -I../Drivers/STM32F4xx_HAL_Driver/Inc -I../Drivers/STM32F4xx_HAL_Driver/Inc/Legacy -I../Drivers/CMSIS/Device/ST/STM32F4xx/Include -I../Drivers/CMSIS/Include -O0 -ffunction-sections -fdata-sections -Wall -fstack-usage -fcyclomatic-complexity -MMD -MP -MF"Core/Src/motorDriver.d" -MT"Core/Src/motorDriver.o" --specs=nano.specs -mfpu=fpv4-sp-d16 -mfloat-abi=hard -mthumb -o "Core/Src/motorDriver.o"
arm-none-eabi-gcc -o "SKadkhodayanFinal.elf" @"objects.list"   -mcpu=cortex-m4 -T"C:\Users\seank\OneDrive - UCB-O365\ECEN2370\ECEN2370FinalProject\SKadkhodayanFinal\STM32F429ZITX_FLASH.ld" --specs=nosys.specs -Wl,-Map="SKadkhodayanFinal.map" -Wl,--gc-sections -static --specs=nano.specs -mfpu=fpv4-sp-d16 -mfloat-abi=hard -mthumb -Wl,--start-group -lc -lm -Wl,--end-group
C:/ST/STM32CubeIDE_1.16.0/STM32CubeIDE/plugins/com.st.stm32cube.ide.mcu.externaltools.gnu-tools-for-stm32.12.3.rel1.win32_1.0.200.202406191623/tools/bin/../lib/gcc/arm-none-eabi/12.3.1/../../../../arm-none-eabi/bin/ld.exe: ./Core/Src/motorDriver.o: in function `mapp':
C:/Users/seank/OneDrive - UCB-O365/ECEN2370/ECEN2370FinalProject/SKadkhodayanFinal/Debug/../Core/Inc/motorDriver.h:20: multiple definition of `mapp'; ./Core/Src/ApplicationCode.o:C:/Users/seank/OneDrive - UCB-O365/ECEN2370/ECEN2370FinalProject/SKadkhodayanFinal/Debug/../Core/Inc/motorDriver.h:20: first defined here
collect2.exe: error: ld returned 1 exit status
make: *** [makefile:64: SKadkhodayanFinal.elf] Error 1
"make -j16 all" terminated with exit code 2. Build might be incomplete.
17:28:46 **** Incremental Build of configuration Debug for project SKadkhodayanFinal ****
make -j16 all 
arm-none-eabi-gcc "../Core/Src/ApplicationCode.c" -mcpu=cortex-m4 -std=gnu11 -g3 -DDEBUG -DUSE_HAL_DRIVER -DSTM32F429xx -c -I../Core/Inc -I../Drivers/STM32F4xx_HAL_Driver/Inc -I../Drivers/STM32F4xx_HAL_Driver/Inc/Legacy -I../Drivers/CMSIS/Device/ST/STM32F4xx/Include -I../Drivers/CMSIS/Include -O0 -ffunction-sections -fdata-sections -Wall -fstack-usage -fcyclomatic-complexity -MMD -MP -MF"Core/Src/ApplicationCode.d" -MT"Core/Src/ApplicationCode.o" --specs=nano.specs -mfpu=fpv4-sp-d16 -mfloat-abi=hard -mthumb -o "Core/Src/ApplicationCode.o"
arm-none-eabi-gcc "../Core/Src/motorDriver.c" -mcpu=cortex-m4 -std=gnu11 -g3 -DDEBUG -DUSE_HAL_DRIVER -DSTM32F429xx -c -I../Core/Inc -I../Drivers/STM32F4xx_HAL_Driver/Inc -I../Drivers/STM32F4xx_HAL_Driver/Inc/Legacy -I../Drivers/CMSIS/Device/ST/STM32F4xx/Include -I../Drivers/CMSIS/Include -O0 -ffunction-sections -fdata-sections -Wall -fstack-usage -fcyclomatic-complexity -MMD -MP -MF"Core/Src/motorDriver.d" -MT"Core/Src/motorDriver.o" --specs=nano.specs -mfpu=fpv4-sp-d16 -mfloat-abi=hard -mthumb -o "Core/Src/motorDriver.o"
arm-none-eabi-gcc -o "SKadkhodayanFinal.elf" @"objects.list"   -mcpu=cortex-m4 -T"C:\Users\seank\OneDrive - UCB-O365\ECEN2370\ECEN2370FinalProject\SKadkhodayanFinal\STM32F429ZITX_FLASH.ld" --specs=nosys.specs -Wl,-Map="SKadkhodayanFinal.map" -Wl,--gc-sections -static --specs=nano.specs -mfpu=fpv4-sp-d16 -mfloat-abi=hard -mthumb -Wl,--start-group -lc -lm -Wl,--end-group
Finished building target: SKadkhodayanFinal.elf
 
arm-none-eabi-size  SKadkhodayanFinal.elf 
arm-none-eabi-objdump -h -S SKadkhodayanFinal.elf  > "SKadkhodayanFinal.list"
   text	   data	    bss	    dec	    hex	filename
  13592	     12	   1788	  15392	   3c20	SKadkhodayanFinal.elf
Finished building: default.size.stdout
 
Finished building: SKadkhodayanFinal.list
 
17:30:20 **** Incremental Build of configuration Debug for project SKadkhodayanFinal ****
make -j16 all 
arm-none-eabi-gcc "../Core/Src/main.c" -mcpu=cortex-m4 -std=gnu11 -g3 -DDEBUG -DUSE_HAL_DRIVER -DSTM32F429xx -c -I../Core/Inc -I../Drivers/STM32F4xx_HAL_Driver/Inc -I../Drivers/STM32F4xx_HAL_Driver/Inc/Legacy -I../Drivers/CMSIS/Device/ST/STM32F4xx/Include -I../Drivers/CMSIS/Include -O0 -ffunction-sections -fdata-sections -Wall -fstack-usage -fcyclomatic-complexity -MMD -MP -MF"Core/Src/main.d" -MT"Core/Src/main.o" --specs=nano.specs -mfpu=fpv4-sp-d16 -mfloat-abi=hard -mthumb -o "Core/Src/main.o"
../Core/Src/main.c: In function 'main':
../Core/Src/main.c:104:12: warning: unused variable 'ADC_2' [-Wunused-variable]
  104 |   uint32_t ADC_2 = 0;
      |            ^~~~~
../Core/Src/main.c:103:12: warning: variable 'ADC_1' set but not used [-Wunused-but-set-variable]
  103 |   uint32_t ADC_1 = 0;
      |            ^~~~~
arm-none-eabi-gcc -o "SKadkhodayanFinal.elf" @"objects.list"   -mcpu=cortex-m4 -T"C:\Users\seank\OneDrive - UCB-O365\ECEN2370\ECEN2370FinalProject\SKadkhodayanFinal\STM32F429ZITX_FLASH.ld" --specs=nosys.specs -Wl,-Map="SKadkhodayanFinal.map" -Wl,--gc-sections -static --specs=nano.specs -mfpu=fpv4-sp-d16 -mfloat-abi=hard -mthumb -Wl,--start-group -lc -lm -Wl,--end-group
Finished building target: SKadkhodayanFinal.elf
 
arm-none-eabi-size  SKadkhodayanFinal.elf 
arm-none-eabi-objdump -h -S SKadkhodayanFinal.elf  > "SKadkhodayanFinal.list"
   text	   data	    bss	    dec	    hex	filename
  13572	     12	   1788	  15372	   3c0c	SKadkhodayanFinal.elf
Finished building: default.size.stdout
 
Finished building: SKadkhodayanFinal.list
 
17:31:21 **** Incremental Build of configuration Debug for project SKadkhodayanFinal ****
make -j16 all 
arm-none-eabi-gcc "../Core/Src/main.c" -mcpu=cortex-m4 -std=gnu11 -g3 -DDEBUG -DUSE_HAL_DRIVER -DSTM32F429xx -c -I../Core/Inc -I../Drivers/STM32F4xx_HAL_Driver/Inc -I../Drivers/STM32F4xx_HAL_Driver/Inc/Legacy -I../Drivers/CMSIS/Device/ST/STM32F4xx/Include -I../Drivers/CMSIS/Include -O0 -ffunction-sections -fdata-sections -Wall -fstack-usage -fcyclomatic-complexity -MMD -MP -MF"Core/Src/main.d" -MT"Core/Src/main.o" --specs=nano.specs -mfpu=fpv4-sp-d16 -mfloat-abi=hard -mthumb -o "Core/Src/main.o"
../Core/Src/main.c: In function 'main':
../Core/Src/main.c:104:12: warning: unused variable 'ADC_2' [-Wunused-variable]
  104 |   uint32_t ADC_2 = 0;
      |            ^~~~~
../Core/Src/main.c:103:12: warning: variable 'ADC_1' set but not used [-Wunused-but-set-variable]
  103 |   uint32_t ADC_1 = 0;
      |            ^~~~~
arm-none-eabi-gcc -o "SKadkhodayanFinal.elf" @"objects.list"   -mcpu=cortex-m4 -T"C:\Users\seank\OneDrive - UCB-O365\ECEN2370\ECEN2370FinalProject\SKadkhodayanFinal\STM32F429ZITX_FLASH.ld" --specs=nosys.specs -Wl,-Map="SKadkhodayanFinal.map" -Wl,--gc-sections -static --specs=nano.specs -mfpu=fpv4-sp-d16 -mfloat-abi=hard -mthumb -Wl,--start-group -lc -lm -Wl,--end-group
Finished building target: SKadkhodayanFinal.elf
 
arm-none-eabi-size  SKadkhodayanFinal.elf 
arm-none-eabi-objdump -h -S SKadkhodayanFinal.elf  > "SKadkhodayanFinal.list"
   text	   data	    bss	    dec	    hex	filename
  13580	     12	   1788	  15380	   3c14	SKadkhodayanFinal.elf
Finished building: default.size.stdout
 
Finished building: SKadkhodayanFinal.list
 
17:33:24 **** Incremental Build of configuration Debug for project SKadkhodayanFinal ****
make -j16 all 
arm-none-eabi-gcc "../Core/Src/main.c" -mcpu=cortex-m4 -std=gnu11 -g3 -DDEBUG -DUSE_HAL_DRIVER -DSTM32F429xx -c -I../Core/Inc -I../Drivers/STM32F4xx_HAL_Driver/Inc -I../Drivers/STM32F4xx_HAL_Driver/Inc/Legacy -I../Drivers/CMSIS/Device/ST/STM32F4xx/Include -I../Drivers/CMSIS/Include -O0 -ffunction-sections -fdata-sections -Wall -fstack-usage -fcyclomatic-complexity -MMD -MP -MF"Core/Src/main.d" -MT"Core/Src/main.o" --specs=nano.specs -mfpu=fpv4-sp-d16 -mfloat-abi=hard -mthumb -o "Core/Src/main.o"
arm-none-eabi-gcc "../Core/Src/stm32f4xx_hal_msp.c" -mcpu=cortex-m4 -std=gnu11 -g3 -DDEBUG -DUSE_HAL_DRIVER -DSTM32F429xx -c -I../Core/Inc -I../Drivers/STM32F4xx_HAL_Driver/Inc -I../Drivers/STM32F4xx_HAL_Driver/Inc/Legacy -I../Drivers/CMSIS/Device/ST/STM32F4xx/Include -I../Drivers/CMSIS/Include -O0 -ffunction-sections -fdata-sections -Wall -fstack-usage -fcyclomatic-complexity -MMD -MP -MF"Core/Src/stm32f4xx_hal_msp.d" -MT"Core/Src/stm32f4xx_hal_msp.o" --specs=nano.specs -mfpu=fpv4-sp-d16 -mfloat-abi=hard -mthumb -o "Core/Src/stm32f4xx_hal_msp.o"
../Core/Src/main.c: In function 'main':
../Core/Src/main.c:100:12: warning: variable 'ADC_1' set but not used [-Wunused-but-set-variable]
  100 |   uint32_t ADC_1 = 0;
      |            ^~~~~
arm-none-eabi-gcc -o "SKadkhodayanFinal.elf" @"objects.list"   -mcpu=cortex-m4 -T"C:\Users\seank\OneDrive - UCB-O365\ECEN2370\ECEN2370FinalProject\SKadkhodayanFinal\STM32F429ZITX_FLASH.ld" --specs=nosys.specs -Wl,-Map="SKadkhodayanFinal.map" -Wl,--gc-sections -static --specs=nano.specs -mfpu=fpv4-sp-d16 -mfloat-abi=hard -mthumb -Wl,--start-group -lc -lm -Wl,--end-group
Finished building target: SKadkhodayanFinal.elf
 
arm-none-eabi-size  SKadkhodayanFinal.elf 
arm-none-eabi-objdump -h -S SKadkhodayanFinal.elf  > "SKadkhodayanFinal.list"
   text	   data	    bss	    dec	    hex	filename
  13300	     12	   1716	  15028	   3ab4	SKadkhodayanFinal.elf
Finished building: default.size.stdout
 
Finished building: SKadkhodayanFinal.list
 
17:35:21 **** Incremental Build of configuration Debug for project SKadkhodayanFinal ****
make -j16 all 
arm-none-eabi-gcc "../Core/Src/main.c" -mcpu=cortex-m4 -std=gnu11 -g3 -DDEBUG -DUSE_HAL_DRIVER -DSTM32F429xx -c -I../Core/Inc -I../Drivers/STM32F4xx_HAL_Driver/Inc -I../Drivers/STM32F4xx_HAL_Driver/Inc/Legacy -I../Drivers/CMSIS/Device/ST/STM32F4xx/Include -I../Drivers/CMSIS/Include -O0 -ffunction-sections -fdata-sections -Wall -fstack-usage -fcyclomatic-complexity -MMD -MP -MF"Core/Src/main.d" -MT"Core/Src/main.o" --specs=nano.specs -mfpu=fpv4-sp-d16 -mfloat-abi=hard -mthumb -o "Core/Src/main.o"
../Core/Src/main.c: In function 'main':
../Core/Src/main.c:100:12: warning: variable 'ADC_1' set but not used [-Wunused-but-set-variable]
  100 |   uint32_t ADC_1 = 0;
      |            ^~~~~
arm-none-eabi-gcc -o "SKadkhodayanFinal.elf" @"objects.list"   -mcpu=cortex-m4 -T"C:\Users\seank\OneDrive - UCB-O365\ECEN2370\ECEN2370FinalProject\SKadkhodayanFinal\STM32F429ZITX_FLASH.ld" --specs=nosys.specs -Wl,-Map="SKadkhodayanFinal.map" -Wl,--gc-sections -static --specs=nano.specs -mfpu=fpv4-sp-d16 -mfloat-abi=hard -mthumb -Wl,--start-group -lc -lm -Wl,--end-group
Finished building target: SKadkhodayanFinal.elf
 
arm-none-eabi-size  SKadkhodayanFinal.elf 
arm-none-eabi-objdump -h -S SKadkhodayanFinal.elf  > "SKadkhodayanFinal.list"
   text	   data	    bss	    dec	    hex	filename
  13300	     12	   1716	  15028	   3ab4	SKadkhodayanFinal.elf
Finished building: default.size.stdout
 
Finished building: SKadkhodayanFinal.list
 
17:47:03 **** Incremental Build of configuration Debug for project SKadkhodayanFinal ****
make -j16 all 
arm-none-eabi-gcc "../Core/Src/main.c" -mcpu=cortex-m4 -std=gnu11 -g3 -DDEBUG -DUSE_HAL_DRIVER -DSTM32F429xx -c -I../Core/Inc -I../Drivers/STM32F4xx_HAL_Driver/Inc -I../Drivers/STM32F4xx_HAL_Driver/Inc/Legacy -I../Drivers/CMSIS/Device/ST/STM32F4xx/Include -I../Drivers/CMSIS/Include -O0 -ffunction-sections -fdata-sections -Wall -fstack-usage -fcyclomatic-complexity -MMD -MP -MF"Core/Src/main.d" -MT"Core/Src/main.o" --specs=nano.specs -mfpu=fpv4-sp-d16 -mfloat-abi=hard -mthumb -o "Core/Src/main.o"
arm-none-eabi-gcc "../Core/Src/stm32f4xx_hal_msp.c" -mcpu=cortex-m4 -std=gnu11 -g3 -DDEBUG -DUSE_HAL_DRIVER -DSTM32F429xx -c -I../Core/Inc -I../Drivers/STM32F4xx_HAL_Driver/Inc -I../Drivers/STM32F4xx_HAL_Driver/Inc/Legacy -I../Drivers/CMSIS/Device/ST/STM32F4xx/Include -I../Drivers/CMSIS/Include -O0 -ffunction-sections -fdata-sections -Wall -fstack-usage -fcyclomatic-complexity -MMD -MP -MF"Core/Src/stm32f4xx_hal_msp.d" -MT"Core/Src/stm32f4xx_hal_msp.o" --specs=nano.specs -mfpu=fpv4-sp-d16 -mfloat-abi=hard -mthumb -o "Core/Src/stm32f4xx_hal_msp.o"
../Core/Src/main.c: In function 'main':
../Core/Src/main.c:120:11: error: 'ADC_1' undeclared (first use in this function); did you mean 'ADC1'?
  120 |           ADC_1 = HAL_ADC_GetValue(&hadc1);
      |           ^~~~~
      |           ADC1
../Core/Src/main.c:120:11: note: each undeclared identifier is reported only once for each function it appears in
../Core/Src/main.c:124:11: error: 'ADC_2' undeclared (first use in this function); did you mean 'ADC2'?
  124 |           ADC_2 = HAL_ADC_GetValue(&hadc1);
      |           ^~~~~
      |           ADC2
../Core/Src/main.c:101:12: warning: unused variable 'ADC_CH13' [-Wunused-variable]
  101 |   uint32_t ADC_CH13 = 0;
      |            ^~~~~~~~
../Core/Src/main.c:100:12: warning: unused variable 'ADC_CH5' [-Wunused-variable]
  100 |   uint32_t ADC_CH5 = 0;
      |            ^~~~~~~
make: *** [Core/Src/subdir.mk:46: Core/Src/main.o] Error 1
make: *** Waiting for unfinished jobs....
"make -j16 all" terminated with exit code 2. Build might be incomplete.
17:50:08 **** Incremental Build of configuration Debug for project SKadkhodayanFinal ****
make -j16 all 
arm-none-eabi-gcc "../Core/Src/main.c" -mcpu=cortex-m4 -std=gnu11 -g3 -DDEBUG -DUSE_HAL_DRIVER -DSTM32F429xx -c -I../Core/Inc -I../Drivers/STM32F4xx_HAL_Driver/Inc -I../Drivers/STM32F4xx_HAL_Driver/Inc/Legacy -I../Drivers/CMSIS/Device/ST/STM32F4xx/Include -I../Drivers/CMSIS/Include -O0 -ffunction-sections -fdata-sections -Wall -fstack-usage -fcyclomatic-complexity -MMD -MP -MF"Core/Src/main.d" -MT"Core/Src/main.o" --specs=nano.specs -mfpu=fpv4-sp-d16 -mfloat-abi=hard -mthumb -o "Core/Src/main.o"
../Core/Src/main.c: In function 'main':
../Core/Src/main.c:101:12: warning: variable 'ADC_CH13' set but not used [-Wunused-but-set-variable]
  101 |   uint32_t ADC_CH13 = 0;
      |            ^~~~~~~~
../Core/Src/main.c:100:12: warning: variable 'ADC_CH5' set but not used [-Wunused-but-set-variable]
  100 |   uint32_t ADC_CH5 = 0;
      |            ^~~~~~~
arm-none-eabi-gcc -o "SKadkhodayanFinal.elf" @"objects.list"   -mcpu=cortex-m4 -T"C:\Users\seank\OneDrive - UCB-O365\ECEN2370\ECEN2370FinalProject\SKadkhodayanFinal\STM32F429ZITX_FLASH.ld" --specs=nosys.specs -Wl,-Map="SKadkhodayanFinal.map" -Wl,--gc-sections -static --specs=nano.specs -mfpu=fpv4-sp-d16 -mfloat-abi=hard -mthumb -Wl,--start-group -lc -lm -Wl,--end-group
Finished building target: SKadkhodayanFinal.elf
 
arm-none-eabi-size  SKadkhodayanFinal.elf 
arm-none-eabi-objdump -h -S SKadkhodayanFinal.elf  > "SKadkhodayanFinal.list"
   text	   data	    bss	    dec	    hex	filename
  13484	     12	   1716	  15212	   3b6c	SKadkhodayanFinal.elf
Finished building: default.size.stdout
 
Finished building: SKadkhodayanFinal.list
 
17:54:37 **** Incremental Build of configuration Debug for project SKadkhodayanFinal ****
make -j16 all 
arm-none-eabi-gcc "../Core/Src/main.c" -mcpu=cortex-m4 -std=gnu11 -g3 -DDEBUG -DUSE_HAL_DRIVER -DSTM32F429xx -c -I../Core/Inc -I../Drivers/STM32F4xx_HAL_Driver/Inc -I../Drivers/STM32F4xx_HAL_Driver/Inc/Legacy -I../Drivers/CMSIS/Device/ST/STM32F4xx/Include -I../Drivers/CMSIS/Include -O0 -ffunction-sections -fdata-sections -Wall -fstack-usage -fcyclomatic-complexity -MMD -MP -MF"Core/Src/main.d" -MT"Core/Src/main.o" --specs=nano.specs -mfpu=fpv4-sp-d16 -mfloat-abi=hard -mthumb -o "Core/Src/main.o"
../Core/Src/main.c: In function 'main':
../Core/Src/main.c:101:12: warning: variable 'ADC_CH13' set but not used [-Wunused-but-set-variable]
  101 |   uint32_t ADC_CH13 = 0;
      |            ^~~~~~~~
../Core/Src/main.c:100:12: warning: variable 'ADC_CH5' set but not used [-Wunused-but-set-variable]
  100 |   uint32_t ADC_CH5 = 0;
      |            ^~~~~~~
arm-none-eabi-gcc -o "SKadkhodayanFinal.elf" @"objects.list"   -mcpu=cortex-m4 -T"C:\Users\seank\OneDrive - UCB-O365\ECEN2370\ECEN2370FinalProject\SKadkhodayanFinal\STM32F429ZITX_FLASH.ld" --specs=nosys.specs -Wl,-Map="SKadkhodayanFinal.map" -Wl,--gc-sections -static --specs=nano.specs -mfpu=fpv4-sp-d16 -mfloat-abi=hard -mthumb -Wl,--start-group -lc -lm -Wl,--end-group
Finished building target: SKadkhodayanFinal.elf
 
arm-none-eabi-size  SKadkhodayanFinal.elf 
arm-none-eabi-objdump -h -S SKadkhodayanFinal.elf  > "SKadkhodayanFinal.list"
   text	   data	    bss	    dec	    hex	filename
  13512	     12	   1716	  15240	   3b88	SKadkhodayanFinal.elf
Finished building: default.size.stdout
 
Finished building: SKadkhodayanFinal.list
 
17:54:45 **** Incremental Build of configuration Debug for project SKadkhodayanFinal ****
make -j16 all 
arm-none-eabi-size  SKadkhodayanFinal.elf 
   text	   data	    bss	    dec	    hex	filename
  13512	     12	   1716	  15240	   3b88	SKadkhodayanFinal.elf
Finished building: default.size.stdout
 
18:00:52 **** Incremental Build of configuration Debug for project SKadkhodayanFinal ****
make -j16 all 
arm-none-eabi-gcc "../Core/Src/main.c" -mcpu=cortex-m4 -std=gnu11 -g3 -DDEBUG -DUSE_HAL_DRIVER -DSTM32F429xx -c -I../Core/Inc -I../Drivers/STM32F4xx_HAL_Driver/Inc -I../Drivers/STM32F4xx_HAL_Driver/Inc/Legacy -I../Drivers/CMSIS/Device/ST/STM32F4xx/Include -I../Drivers/CMSIS/Include -O0 -ffunction-sections -fdata-sections -Wall -fstack-usage -fcyclomatic-complexity -MMD -MP -MF"Core/Src/main.d" -MT"Core/Src/main.o" --specs=nano.specs -mfpu=fpv4-sp-d16 -mfloat-abi=hard -mthumb -o "Core/Src/main.o"
../Core/Src/main.c: In function 'main':
../Core/Src/main.c:101:12: warning: variable 'ADC_CH13' set but not used [-Wunused-but-set-variable]
  101 |   uint32_t ADC_CH13 = 0;
      |            ^~~~~~~~
../Core/Src/main.c:100:12: warning: variable 'ADC_CH5' set but not used [-Wunused-but-set-variable]
  100 |   uint32_t ADC_CH5 = 0;
      |            ^~~~~~~
arm-none-eabi-gcc -o "SKadkhodayanFinal.elf" @"objects.list"   -mcpu=cortex-m4 -T"C:\Users\seank\OneDrive - UCB-O365\ECEN2370\ECEN2370FinalProject\SKadkhodayanFinal\STM32F429ZITX_FLASH.ld" --specs=nosys.specs -Wl,-Map="SKadkhodayanFinal.map" -Wl,--gc-sections -static --specs=nano.specs -mfpu=fpv4-sp-d16 -mfloat-abi=hard -mthumb -Wl,--start-group -lc -lm -Wl,--end-group
Finished building target: SKadkhodayanFinal.elf
 
arm-none-eabi-size  SKadkhodayanFinal.elf 
arm-none-eabi-objdump -h -S SKadkhodayanFinal.elf  > "SKadkhodayanFinal.list"
   text	   data	    bss	    dec	    hex	filename
  13512	     12	   1716	  15240	   3b88	SKadkhodayanFinal.elf
Finished building: default.size.stdout
 
Finished building: SKadkhodayanFinal.list
 
18:07:47 **** Incremental Build of configuration Debug for project SKadkhodayanFinal ****
make -j16 all 
arm-none-eabi-gcc "../Core/Src/main.c" -mcpu=cortex-m4 -std=gnu11 -g3 -DDEBUG -DUSE_HAL_DRIVER -DSTM32F429xx -c -I../Core/Inc -I../Drivers/STM32F4xx_HAL_Driver/Inc -I../Drivers/STM32F4xx_HAL_Driver/Inc/Legacy -I../Drivers/CMSIS/Device/ST/STM32F4xx/Include -I../Drivers/CMSIS/Include -O0 -ffunction-sections -fdata-sections -Wall -fstack-usage -fcyclomatic-complexity -MMD -MP -MF"Core/Src/main.d" -MT"Core/Src/main.o" --specs=nano.specs -mfpu=fpv4-sp-d16 -mfloat-abi=hard -mthumb -o "Core/Src/main.o"
../Core/Src/main.c: In function 'main':
../Core/Src/main.c:101:12: warning: variable 'ADC_CH13' set but not used [-Wunused-but-set-variable]
  101 |   uint32_t ADC_CH13 = 0;
      |            ^~~~~~~~
../Core/Src/main.c:100:12: warning: variable 'ADC_CH5' set but not used [-Wunused-but-set-variable]
  100 |   uint32_t ADC_CH5 = 0;
      |            ^~~~~~~
arm-none-eabi-gcc -o "SKadkhodayanFinal.elf" @"objects.list"   -mcpu=cortex-m4 -T"C:\Users\seank\OneDrive - UCB-O365\ECEN2370\ECEN2370FinalProject\SKadkhodayanFinal\STM32F429ZITX_FLASH.ld" --specs=nosys.specs -Wl,-Map="SKadkhodayanFinal.map" -Wl,--gc-sections -static --specs=nano.specs -mfpu=fpv4-sp-d16 -mfloat-abi=hard -mthumb -Wl,--start-group -lc -lm -Wl,--end-group
Finished building target: SKadkhodayanFinal.elf
 
arm-none-eabi-size  SKadkhodayanFinal.elf 
arm-none-eabi-objdump -h -S SKadkhodayanFinal.elf  > "SKadkhodayanFinal.list"
   text	   data	    bss	    dec	    hex	filename
  13512	     12	   1716	  15240	   3b88	SKadkhodayanFinal.elf
Finished building: default.size.stdout
 
Finished building: SKadkhodayanFinal.list
 
23:12:07 **** Incremental Build of configuration Debug for project SKadkhodayanFinal ****
make -j16 all 
arm-none-eabi-gcc "../Core/Src/main.c" -mcpu=cortex-m4 -std=gnu11 -g3 -DDEBUG -DUSE_HAL_DRIVER -DSTM32F429xx -c -I../Core/Inc -I../Drivers/STM32F4xx_HAL_Driver/Inc -I../Drivers/STM32F4xx_HAL_Driver/Inc/Legacy -I../Drivers/CMSIS/Device/ST/STM32F4xx/Include -I../Drivers/CMSIS/Include -O0 -ffunction-sections -fdata-sections -Wall -fstack-usage -fcyclomatic-complexity -MMD -MP -MF"Core/Src/main.d" -MT"Core/Src/main.o" --specs=nano.specs -mfpu=fpv4-sp-d16 -mfloat-abi=hard -mthumb -o "Core/Src/main.o"
../Core/Src/main.c: In function 'main':
../Core/Src/main.c:101:12: warning: variable 'ADC_CH13' set but not used [-Wunused-but-set-variable]
  101 |   uint32_t ADC_CH13 = 0;
      |            ^~~~~~~~
../Core/Src/main.c:100:12: warning: variable 'ADC_CH5' set but not used [-Wunused-but-set-variable]
  100 |   uint32_t ADC_CH5 = 0;
      |            ^~~~~~~
arm-none-eabi-gcc -o "SKadkhodayanFinal.elf" @"objects.list"   -mcpu=cortex-m4 -T"C:\Users\seank\OneDrive - UCB-O365\ECEN2370\ECEN2370FinalProject\SKadkhodayanFinal\STM32F429ZITX_FLASH.ld" --specs=nosys.specs -Wl,-Map="SKadkhodayanFinal.map" -Wl,--gc-sections -static --specs=nano.specs -mfpu=fpv4-sp-d16 -mfloat-abi=hard -mthumb -Wl,--start-group -lc -lm -Wl,--end-group
Finished building target: SKadkhodayanFinal.elf
 
arm-none-eabi-size  SKadkhodayanFinal.elf 
arm-none-eabi-objdump -h -S SKadkhodayanFinal.elf  > "SKadkhodayanFinal.list"
   text	   data	    bss	    dec	    hex	filename
  13504	     12	   1716	  15232	   3b80	SKadkhodayanFinal.elf
Finished building: default.size.stdout
 
Finished building: SKadkhodayanFinal.list
 
23:12:59 **** Incremental Build of configuration Debug for project SKadkhodayanFinal ****
make -j16 all 
arm-none-eabi-gcc "../Core/Src/main.c" -mcpu=cortex-m4 -std=gnu11 -g3 -DDEBUG -DUSE_HAL_DRIVER -DSTM32F429xx -c -I../Core/Inc -I../Drivers/STM32F4xx_HAL_Driver/Inc -I../Drivers/STM32F4xx_HAL_Driver/Inc/Legacy -I../Drivers/CMSIS/Device/ST/STM32F4xx/Include -I../Drivers/CMSIS/Include -O0 -ffunction-sections -fdata-sections -Wall -fstack-usage -fcyclomatic-complexity -MMD -MP -MF"Core/Src/main.d" -MT"Core/Src/main.o" --specs=nano.specs -mfpu=fpv4-sp-d16 -mfloat-abi=hard -mthumb -o "Core/Src/main.o"
../Core/Src/main.c: In function 'main':
../Core/Src/main.c:101:12: warning: variable 'ADC_CH13' set but not used [-Wunused-but-set-variable]
  101 |   uint32_t ADC_CH13 = 0;
      |            ^~~~~~~~
../Core/Src/main.c:100:12: warning: variable 'ADC_CH5' set but not used [-Wunused-but-set-variable]
  100 |   uint32_t ADC_CH5 = 0;
      |            ^~~~~~~
arm-none-eabi-gcc -o "SKadkhodayanFinal.elf" @"objects.list"   -mcpu=cortex-m4 -T"C:\Users\seank\OneDrive - UCB-O365\ECEN2370\ECEN2370FinalProject\SKadkhodayanFinal\STM32F429ZITX_FLASH.ld" --specs=nosys.specs -Wl,-Map="SKadkhodayanFinal.map" -Wl,--gc-sections -static --specs=nano.specs -mfpu=fpv4-sp-d16 -mfloat-abi=hard -mthumb -Wl,--start-group -lc -lm -Wl,--end-group
Finished building target: SKadkhodayanFinal.elf
 
arm-none-eabi-size  SKadkhodayanFinal.elf 
arm-none-eabi-objdump -h -S SKadkhodayanFinal.elf  > "SKadkhodayanFinal.list"
   text	   data	    bss	    dec	    hex	filename
  13508	     12	   1716	  15236	   3b84	SKadkhodayanFinal.elf
Finished building: default.size.stdout
 
Finished building: SKadkhodayanFinal.list
 
23:17:02 **** Incremental Build of configuration Debug for project SKadkhodayanFinal ****
make -j16 all 
arm-none-eabi-gcc "../Core/Src/main.c" -mcpu=cortex-m4 -std=gnu11 -g3 -DDEBUG -DUSE_HAL_DRIVER -DSTM32F429xx -c -I../Core/Inc -I../Drivers/STM32F4xx_HAL_Driver/Inc -I../Drivers/STM32F4xx_HAL_Driver/Inc/Legacy -I../Drivers/CMSIS/Device/ST/STM32F4xx/Include -I../Drivers/CMSIS/Include -O0 -ffunction-sections -fdata-sections -Wall -fstack-usage -fcyclomatic-complexity -MMD -MP -MF"Core/Src/main.d" -MT"Core/Src/main.o" --specs=nano.specs -mfpu=fpv4-sp-d16 -mfloat-abi=hard -mthumb -o "Core/Src/main.o"
../Core/Src/main.c: In function 'main':
../Core/Src/main.c:101:12: warning: variable 'ADC_CH13' set but not used [-Wunused-but-set-variable]
  101 |   uint32_t ADC_CH13 = 0;
      |            ^~~~~~~~
../Core/Src/main.c:100:12: warning: variable 'ADC_CH5' set but not used [-Wunused-but-set-variable]
  100 |   uint32_t ADC_CH5 = 0;
      |            ^~~~~~~
arm-none-eabi-gcc -o "SKadkhodayanFinal.elf" @"objects.list"   -mcpu=cortex-m4 -T"C:\Users\seank\OneDrive - UCB-O365\ECEN2370\ECEN2370FinalProject\SKadkhodayanFinal\STM32F429ZITX_FLASH.ld" --specs=nosys.specs -Wl,-Map="SKadkhodayanFinal.map" -Wl,--gc-sections -static --specs=nano.specs -mfpu=fpv4-sp-d16 -mfloat-abi=hard -mthumb -Wl,--start-group -lc -lm -Wl,--end-group
Finished building target: SKadkhodayanFinal.elf
 
arm-none-eabi-size  SKadkhodayanFinal.elf 
arm-none-eabi-objdump -h -S SKadkhodayanFinal.elf  > "SKadkhodayanFinal.list"
   text	   data	    bss	    dec	    hex	filename
  13536	     12	   1716	  15264	   3ba0	SKadkhodayanFinal.elf
Finished building: default.size.stdout
 
Finished building: SKadkhodayanFinal.list
 
23:17:16 **** Incremental Build of configuration Debug for project SKadkhodayanFinal ****
make -j16 all 
arm-none-eabi-size  SKadkhodayanFinal.elf 
   text	   data	    bss	    dec	    hex	filename
  13536	     12	   1716	  15264	   3ba0	SKadkhodayanFinal.elf
Finished building: default.size.stdout
 
23:19:28 **** Incremental Build of configuration Debug for project SKadkhodayanFinal ****
make -j16 all 
arm-none-eabi-gcc "../Core/Src/main.c" -mcpu=cortex-m4 -std=gnu11 -g3 -DDEBUG -DUSE_HAL_DRIVER -DSTM32F429xx -c -I../Core/Inc -I../Drivers/STM32F4xx_HAL_Driver/Inc -I../Drivers/STM32F4xx_HAL_Driver/Inc/Legacy -I../Drivers/CMSIS/Device/ST/STM32F4xx/Include -I../Drivers/CMSIS/Include -O0 -ffunction-sections -fdata-sections -Wall -fstack-usage -fcyclomatic-complexity -MMD -MP -MF"Core/Src/main.d" -MT"Core/Src/main.o" --specs=nano.specs -mfpu=fpv4-sp-d16 -mfloat-abi=hard -mthumb -o "Core/Src/main.o"
../Core/Src/main.c: In function 'main':
../Core/Src/main.c:101:12: warning: variable 'ADC_CH13' set but not used [-Wunused-but-set-variable]
  101 |   uint32_t ADC_CH13 = 0;
      |            ^~~~~~~~
../Core/Src/main.c:100:12: warning: variable 'ADC_CH5' set but not used [-Wunused-but-set-variable]
  100 |   uint32_t ADC_CH5 = 0;
      |            ^~~~~~~
arm-none-eabi-gcc -o "SKadkhodayanFinal.elf" @"objects.list"   -mcpu=cortex-m4 -T"C:\Users\seank\OneDrive - UCB-O365\ECEN2370\ECEN2370FinalProject\SKadkhodayanFinal\STM32F429ZITX_FLASH.ld" --specs=nosys.specs -Wl,-Map="SKadkhodayanFinal.map" -Wl,--gc-sections -static --specs=nano.specs -mfpu=fpv4-sp-d16 -mfloat-abi=hard -mthumb -Wl,--start-group -lc -lm -Wl,--end-group
Finished building target: SKadkhodayanFinal.elf
 
arm-none-eabi-size  SKadkhodayanFinal.elf 
arm-none-eabi-objdump -h -S SKadkhodayanFinal.elf  > "SKadkhodayanFinal.list"
   text	   data	    bss	    dec	    hex	filename
  13532	     12	   1716	  15260	   3b9c	SKadkhodayanFinal.elf
Finished building: default.size.stdout
 
Finished building: SKadkhodayanFinal.list
 
23:21:40 **** Incremental Build of configuration Debug for project SKadkhodayanFinal ****
make -j16 all 
arm-none-eabi-gcc "../Core/Src/main.c" -mcpu=cortex-m4 -std=gnu11 -g3 -DDEBUG -DUSE_HAL_DRIVER -DSTM32F429xx -c -I../Core/Inc -I../Drivers/STM32F4xx_HAL_Driver/Inc -I../Drivers/STM32F4xx_HAL_Driver/Inc/Legacy -I../Drivers/CMSIS/Device/ST/STM32F4xx/Include -I../Drivers/CMSIS/Include -O0 -ffunction-sections -fdata-sections -Wall -fstack-usage -fcyclomatic-complexity -MMD -MP -MF"Core/Src/main.d" -MT"Core/Src/main.o" --specs=nano.specs -mfpu=fpv4-sp-d16 -mfloat-abi=hard -mthumb -o "Core/Src/main.o"
arm-none-eabi-gcc "../Core/Src/stm32f4xx_hal_msp.c" -mcpu=cortex-m4 -std=gnu11 -g3 -DDEBUG -DUSE_HAL_DRIVER -DSTM32F429xx -c -I../Core/Inc -I../Drivers/STM32F4xx_HAL_Driver/Inc -I../Drivers/STM32F4xx_HAL_Driver/Inc/Legacy -I../Drivers/CMSIS/Device/ST/STM32F4xx/Include -I../Drivers/CMSIS/Include -O0 -ffunction-sections -fdata-sections -Wall -fstack-usage -fcyclomatic-complexity -MMD -MP -MF"Core/Src/stm32f4xx_hal_msp.d" -MT"Core/Src/stm32f4xx_hal_msp.o" --specs=nano.specs -mfpu=fpv4-sp-d16 -mfloat-abi=hard -mthumb -o "Core/Src/stm32f4xx_hal_msp.o"
../Core/Src/main.c: In function 'main':
../Core/Src/main.c:101:12: warning: unused variable 'ADC_CH13' [-Wunused-variable]
  101 |   uint32_t ADC_CH13 = 0;
      |            ^~~~~~~~
../Core/Src/main.c:100:12: warning: variable 'ADC_CH5' set but not used [-Wunused-but-set-variable]
  100 |   uint32_t ADC_CH5 = 0;
      |            ^~~~~~~
arm-none-eabi-gcc -o "SKadkhodayanFinal.elf" @"objects.list"   -mcpu=cortex-m4 -T"C:\Users\seank\OneDrive - UCB-O365\ECEN2370\ECEN2370FinalProject\SKadkhodayanFinal\STM32F429ZITX_FLASH.ld" --specs=nosys.specs -Wl,-Map="SKadkhodayanFinal.map" -Wl,--gc-sections -static --specs=nano.specs -mfpu=fpv4-sp-d16 -mfloat-abi=hard -mthumb -Wl,--start-group -lc -lm -Wl,--end-group
Finished building target: SKadkhodayanFinal.elf
 
arm-none-eabi-size  SKadkhodayanFinal.elf 
arm-none-eabi-objdump -h -S SKadkhodayanFinal.elf  > "SKadkhodayanFinal.list"
   text	   data	    bss	    dec	    hex	filename
  13416	     12	   1716	  15144	   3b28	SKadkhodayanFinal.elf
Finished building: default.size.stdout
 
Finished building: SKadkhodayanFinal.list
 
23:27:04 **** Incremental Build of configuration Debug for project SKadkhodayanFinal ****
make -j16 all 
arm-none-eabi-gcc "../Core/Src/main.c" -mcpu=cortex-m4 -std=gnu11 -g3 -DDEBUG -DUSE_HAL_DRIVER -DSTM32F429xx -c -I../Core/Inc -I../Drivers/STM32F4xx_HAL_Driver/Inc -I../Drivers/STM32F4xx_HAL_Driver/Inc/Legacy -I../Drivers/CMSIS/Device/ST/STM32F4xx/Include -I../Drivers/CMSIS/Include -O0 -ffunction-sections -fdata-sections -Wall -fstack-usage -fcyclomatic-complexity -MMD -MP -MF"Core/Src/main.d" -MT"Core/Src/main.o" --specs=nano.specs -mfpu=fpv4-sp-d16 -mfloat-abi=hard -mthumb -o "Core/Src/main.o"
arm-none-eabi-gcc "../Core/Src/stm32f4xx_hal_msp.c" -mcpu=cortex-m4 -std=gnu11 -g3 -DDEBUG -DUSE_HAL_DRIVER -DSTM32F429xx -c -I../Core/Inc -I../Drivers/STM32F4xx_HAL_Driver/Inc -I../Drivers/STM32F4xx_HAL_Driver/Inc/Legacy -I../Drivers/CMSIS/Device/ST/STM32F4xx/Include -I../Drivers/CMSIS/Include -O0 -ffunction-sections -fdata-sections -Wall -fstack-usage -fcyclomatic-complexity -MMD -MP -MF"Core/Src/stm32f4xx_hal_msp.d" -MT"Core/Src/stm32f4xx_hal_msp.o" --specs=nano.specs -mfpu=fpv4-sp-d16 -mfloat-abi=hard -mthumb -o "Core/Src/stm32f4xx_hal_msp.o"
../Core/Src/main.c: In function 'main':
../Core/Src/main.c:104:12: warning: unused variable 'ADC_CH13' [-Wunused-variable]
  104 |   uint32_t ADC_CH13 = 0;
      |            ^~~~~~~~
../Core/Src/main.c:103:12: warning: variable 'ADC_CH5' set but not used [-Wunused-but-set-variable]
  103 |   uint32_t ADC_CH5 = 0;
      |            ^~~~~~~
arm-none-eabi-gcc -o "SKadkhodayanFinal.elf" @"objects.list"   -mcpu=cortex-m4 -T"C:\Users\seank\OneDrive - UCB-O365\ECEN2370\ECEN2370FinalProject\SKadkhodayanFinal\STM32F429ZITX_FLASH.ld" --specs=nosys.specs -Wl,-Map="SKadkhodayanFinal.map" -Wl,--gc-sections -static --specs=nano.specs -mfpu=fpv4-sp-d16 -mfloat-abi=hard -mthumb -Wl,--start-group -lc -lm -Wl,--end-group
Finished building target: SKadkhodayanFinal.elf
 
arm-none-eabi-size  SKadkhodayanFinal.elf 
arm-none-eabi-objdump -h -S SKadkhodayanFinal.elf  > "SKadkhodayanFinal.list"
   text	   data	    bss	    dec	    hex	filename
  13716	     12	   1788	  15516	   3c9c	SKadkhodayanFinal.elf
Finished building: default.size.stdout
 
Finished building: SKadkhodayanFinal.list
 
23:27:15 **** Incremental Build of configuration Debug for project SKadkhodayanFinal ****
make -j16 all 
arm-none-eabi-gcc "../Core/Src/main.c" -mcpu=cortex-m4 -std=gnu11 -g3 -DDEBUG -DUSE_HAL_DRIVER -DSTM32F429xx -c -I../Core/Inc -I../Drivers/STM32F4xx_HAL_Driver/Inc -I../Drivers/STM32F4xx_HAL_Driver/Inc/Legacy -I../Drivers/CMSIS/Device/ST/STM32F4xx/Include -I../Drivers/CMSIS/Include -O0 -ffunction-sections -fdata-sections -Wall -fstack-usage -fcyclomatic-complexity -MMD -MP -MF"Core/Src/main.d" -MT"Core/Src/main.o" --specs=nano.specs -mfpu=fpv4-sp-d16 -mfloat-abi=hard -mthumb -o "Core/Src/main.o"
../Core/Src/main.c: In function 'main':
../Core/Src/main.c:104:12: warning: variable 'ADC_CH13' set but not used [-Wunused-but-set-variable]
  104 |   uint32_t ADC_CH13 = 0;
      |            ^~~~~~~~
../Core/Src/main.c:103:12: warning: variable 'ADC_CH5' set but not used [-Wunused-but-set-variable]
  103 |   uint32_t ADC_CH5 = 0;
      |            ^~~~~~~
arm-none-eabi-gcc -o "SKadkhodayanFinal.elf" @"objects.list"   -mcpu=cortex-m4 -T"C:\Users\seank\OneDrive - UCB-O365\ECEN2370\ECEN2370FinalProject\SKadkhodayanFinal\STM32F429ZITX_FLASH.ld" --specs=nosys.specs -Wl,-Map="SKadkhodayanFinal.map" -Wl,--gc-sections -static --specs=nano.specs -mfpu=fpv4-sp-d16 -mfloat-abi=hard -mthumb -Wl,--start-group -lc -lm -Wl,--end-group
Finished building target: SKadkhodayanFinal.elf
 
arm-none-eabi-size  SKadkhodayanFinal.elf 
arm-none-eabi-objdump -h -S SKadkhodayanFinal.elf  > "SKadkhodayanFinal.list"
   text	   data	    bss	    dec	    hex	filename
  13716	     12	   1788	  15516	   3c9c	SKadkhodayanFinal.elf
Finished building: default.size.stdout
 
Finished building: SKadkhodayanFinal.list
 
